<?xml version="1.0" encoding="UTF-8" ?>
<testsuite tests="36" failures="0" name="TestSuite" time="0.04" errors="0" skipped="0">
  <properties>
    <property name="java.runtime.name" value="Java(TM) SE Runtime Environment"/>
    <property name="sun.boot.library.path" value="C:\Program Files (x86)\Java\jdk1.8.0_20\jre\bin"/>
    <property name="java.vm.version" value="25.20-b23"/>
    <property name="java.vm.vendor" value="Oracle Corporation"/>
    <property name="java.vendor.url" value="http://java.oracle.com/"/>
    <property name="path.separator" value=";"/>
    <property name="guice.disable.misplaced.annotation.check" value="true"/>
    <property name="java.vm.name" value="Java HotSpot(TM) Client VM"/>
    <property name="file.encoding.pkg" value="sun.io"/>
    <property name="user.script" value=""/>
    <property name="user.country" value="IN"/>
    <property name="sun.java.launcher" value="SUN_STANDARD"/>
    <property name="sun.os.patch.level" value="Service Pack 1"/>
    <property name="java.vm.specification.name" value="Java Virtual Machine Specification"/>
    <property name="user.dir" value="C:\Users\Hareesh.T\git\AspireTimeSheet\AutomationFramework"/>
    <property name="java.runtime.version" value="1.8.0_20-b26"/>
    <property name="java.awt.graphicsenv" value="sun.awt.Win32GraphicsEnvironment"/>
    <property name="java.endorsed.dirs" value="C:\Program Files (x86)\Java\jdk1.8.0_20\jre\lib\endorsed"/>
    <property name="os.arch" value="x86"/>
    <property name="java.io.tmpdir" value="C:\Users\Hareesh.T\AppData\Local\Temp\"/>
    <property name="line.separator" value="
"/>
    <property name="java.vm.specification.vendor" value="Oracle Corporation"/>
    <property name="user.variant" value=""/>
    <property name="os.name" value="Windows 7"/>
    <property name="classworlds.conf" value="D:\Maven\bin\m2.conf"/>
    <property name="sun.jnu.encoding" value="Cp1252"/>
    <property name="java.library.path" value="C:\Program Files (x86)\Java\jdk1.8.0_20\bin;C:\Windows\Sun\Java\bin;C:\Windows\system32;C:\Windows;C:\ProgramData\Oracle\Java\javapath;D:\oracle\product\11.2.0\client_1\bin;C:\Windows\system32;C:\Windows;C:\Windows\System32\Wbem;C:\Windows\System32\WindowsPowerShell\v1.0\;:\Program Files (x86)\Microsoft SQL Server\100\Tools\Binn\;C:\Program Files\Microsoft SQL Server\100\Tools\Binn\;C:\Program Files\Microsoft SQL Server\100\DTS\Binn\;C:\Program Files\Microsoft\Web Platform Installer\;C:\Program Files (x86)\Microsoft ASP.NET\ASP.NET Web Pages\v1.0\;C:\Program Files (x86)\HP\QuickTest Professional\bin;C:\Program Files (x86)\Java\jdk1.7.0_11\bin;C:\Program Files (x86)\Java\jdk1.8.0_20\bin;C:\Users\Hareesh.T\Downloads\apache-ant-1.9.4-bin\apache-ant-1.9.4\bin;D:\Maven\bin;."/>
    <property name="java.specification.name" value="Java Platform API Specification"/>
    <property name="java.class.version" value="52.0"/>
    <property name="sun.management.compiler" value="HotSpot Client Compiler"/>
    <property name="os.version" value="6.1"/>
    <property name="user.home" value="C:\Users\Hareesh.T"/>
    <property name="user.timezone" value="Asia/Calcutta"/>
    <property name="java.awt.printerjob" value="sun.awt.windows.WPrinterJob"/>
    <property name="java.specification.version" value="1.8"/>
    <property name="file.encoding" value="Cp1252"/>
    <property name="user.name" value="Hareesh.T"/>
    <property name="java.class.path" value="D:\Maven\boot\plexus-classworlds-2.5.1.jar"/>
    <property name="java.vm.specification.version" value="1.8"/>
    <property name="sun.arch.data.model" value="32"/>
    <property name="java.home" value="C:\Program Files (x86)\Java\jdk1.8.0_20\jre"/>
    <property name="sun.java.command" value="org.codehaus.plexus.classworlds.launcher.Launcher install"/>
    <property name="java.specification.vendor" value="Oracle Corporation"/>
    <property name="user.language" value="en"/>
    <property name="awt.toolkit" value="sun.awt.windows.WToolkit"/>
    <property name="java.vm.info" value="mixed mode"/>
    <property name="java.version" value="1.8.0_20"/>
    <property name="java.ext.dirs" value="C:\Program Files (x86)\Java\jdk1.8.0_20\jre\lib\ext;C:\Windows\Sun\Java\lib\ext"/>
    <property name="sun.boot.class.path" value="C:\Program Files (x86)\Java\jdk1.8.0_20\jre\lib\resources.jar;C:\Program Files (x86)\Java\jdk1.8.0_20\jre\lib\rt.jar;C:\Program Files (x86)\Java\jdk1.8.0_20\jre\lib\sunrsasign.jar;C:\Program Files (x86)\Java\jdk1.8.0_20\jre\lib\jsse.jar;C:\Program Files (x86)\Java\jdk1.8.0_20\jre\lib\jce.jar;C:\Program Files (x86)\Java\jdk1.8.0_20\jre\lib\charsets.jar;C:\Program Files (x86)\Java\jdk1.8.0_20\jre\lib\jfr.jar;C:\Program Files (x86)\Java\jdk1.8.0_20\jre\classes"/>
    <property name="sun.stderr.encoding" value="cp437"/>
    <property name="java.vendor" value="Oracle Corporation"/>
    <property name="maven.home" value="D:\Maven"/>
    <property name="file.separator" value="\"/>
    <property name="java.vendor.url.bug" value="http://bugreport.sun.com/bugreport/"/>
    <property name="sun.cpu.endian" value="little"/>
    <property name="sun.io.unicode.encoding" value="UnicodeLittle"/>
    <property name="sun.stdout.encoding" value="cp437"/>
    <property name="sun.desktop" value="windows"/>
    <property name="sun.cpu.isalist" value="pentium_pro+mmx pentium_pro pentium+mmx pentium i486 i386 i86"/>
  </properties>
  <testcase classname="com.jopari.automation.util.calendar.CalendarUtilsTest" name="testFormatDate" time="0.008"/>
  <testcase classname="com.jopari.automation.util.calendar.CalendarUtilsTest" name="testGetCurrentTime" time="0.006"/>
  <testcase classname="com.jopari.automation.util.calendar.CalendarUtilsTest" name="testGetCurrentTimeInKnownFormat" time="0"/>
  <testcase classname="com.jopari.automation.util.calendar.CalendarUtilsTest" name="testGetDate" time="0"/>
  <testcase classname="com.jopari.automation.util.calendar.CalendarUtilsTest" name="testGetDateFromFormat" time="0.002"/>
  <testcase classname="com.jopari.automation.util.calendar.CalendarUtilsTest" name="testGetDateInNewFormat" time="0.001"/>
  <testcase classname="com.jopari.automation.util.calendar.CalendarUtilsTest" name="testGetDayNumOfMonth" time="0"/>
  <testcase classname="com.jopari.automation.util.calendar.CalendarUtilsTest" name="testGetDayOfMonth" time="0"/>
  <testcase classname="com.jopari.automation.util.calendar.CalendarUtilsTest" name="testGetDayOfWeek" time="0"/>
  <testcase classname="com.jopari.automation.util.calendar.CalendarUtilsTest" name="testGetHoursOfDay" time="0"/>
  <testcase classname="com.jopari.automation.util.calendar.CalendarUtilsTest" name="testGetMinutes" time="0"/>
  <testcase classname="com.jopari.automation.util.calendar.CalendarUtilsTest" name="testGetMonthName" time="0"/>
  <testcase classname="com.jopari.automation.util.calendar.CalendarUtilsTest" name="testGetMonthNum" time="0"/>
  <testcase classname="com.jopari.automation.util.calendar.CalendarUtilsTest" name="testGetSeconds" time="0"/>
  <testcase classname="com.jopari.automation.util.calendar.CalendarUtilsTest" name="testGetYearNum" time="0"/>
  <testcase classname="com.jopari.automation.util.calendar.CalendarUtilsTest" name="testadd" time="0"/>
  <testcase classname="com.jopari.automation.util.calendar.CalendarUtilsTest" name="testaddDay" time="0"/>
  <testcase classname="com.jopari.automation.util.calendar.CalendarUtilsTest" name="testaddHour" time="0.001"/>
  <testcase classname="com.jopari.automation.util.calendar.CalendarUtilsTest" name="testaddMinutes" time="0"/>
  <testcase classname="com.jopari.automation.util.calendar.CalendarUtilsTest" name="testaddMonth" time="0"/>
  <testcase classname="com.jopari.automation.util.calendar.CalendarUtilsTest" name="testaddSeconds" time="0"/>
  <testcase classname="com.jopari.automation.util.calendar.CalendarUtilsTest" name="testaddYear" time="0"/>
  <testcase classname="com.jopari.automation.util.io.ExcelReaderTest" name="testGetColumnCount" time="0"/>
  <testcase classname="com.jopari.automation.util.io.ExcelReaderTest" name="testGetHeader" time="0"/>
  <testcase classname="com.jopari.automation.util.io.ExcelReaderTest" name="testGetNumValue" time="0.002"/>
  <testcase classname="com.jopari.automation.util.io.ExcelReaderTest" name="testGetRow" time="0.007"/>
  <testcase classname="com.jopari.automation.util.io.ExcelReaderTest" name="testGetRowCount" time="0"/>
  <testcase classname="com.jopari.automation.util.io.ExcelReaderTest" name="testGetValue" time="0"/>
  <testcase classname="com.jopari.automation.util.io.ExcelReaderTest" name="testGetValueString" time="0.001"/>
  <testcase classname="com.jopari.automation.util.io.ExcelReaderTest" name="testGetValues" time="0.001"/>
  <testcase classname="com.jopari.automation.util.io.IOUtiltitesTest" name="testBlankSpace" time="0.001"/>
  <testcase classname="com.jopari.automation.util.io.IOUtiltitesTest" name="testCreateDirectory" time="0.001"/>
  <testcase classname="com.jopari.automation.util.io.IOUtiltitesTest" name="testReadTextLinesInFile" time="0"/>
  <testcase classname="com.jopari.automation.util.io.IOUtiltitesTest" name="testSpecialCharacter" time="0"/>
  <testcase classname="com.jopari.automation.webdriver.util.WebDriverUtilTest" name="testSort" time="0.005"/>
  <testcase classname="com.jopari.automation.webdriver.util.WindowHelperTest" name="testIsAlphaNumeric" time="0.004"/>
</testsuite>