<?xml version="1.0" encoding="UTF-8"?>
<!-- Generated by org.testng.reporters.JUnitReportReporter -->
<testsuite hostname="Hareesh1" name="com.jopari.automation.webdriver.util.WebDriverUtilTest" tests="1" failures="0" timestamp="25 Nov 2014 08:01:42 GMT" time="0.006" errors="0">
  <testcase name="testSort" time="0.006" classname="com.jopari.automation.webdriver.util.WebDriverUtilTest"/>
</testsuite> <!-- com.jopari.automation.webdriver.util.WebDriverUtilTest -->
