<?xml version="1.0" encoding="UTF-8"?>
<!-- Generated by org.testng.reporters.JUnitReportReporter -->
<testsuite hostname="Hareesh1" name="com.jopari.automation.webdriver.util.WindowHelperTest" tests="1" failures="0" timestamp="25 Nov 2014 08:01:42 GMT" time="0.004" errors="0">
  <testcase name="testIsAlphaNumeric" time="0.004" classname="com.jopari.automation.webdriver.util.WindowHelperTest"/>
</testsuite> <!-- com.jopari.automation.webdriver.util.WindowHelperTest -->
