<?xml version="1.0" encoding="UTF-8"?>
<!-- Generated by org.testng.reporters.JUnitReportReporter -->
<testsuite hostname="Hareesh1" name="com.jopari.automation.util.io.ExcelReaderTest" tests="8" failures="0" timestamp="25 Nov 2014 08:01:42 GMT" time="0.011" errors="0">
  <testcase name="testGetRowCount" time="0.000" classname="com.jopari.automation.util.io.ExcelReaderTest"/>
  <testcase name="testGetNumValue" time="0.002" classname="com.jopari.automation.util.io.ExcelReaderTest"/>
  <testcase name="testGetValue" time="0.000" classname="com.jopari.automation.util.io.ExcelReaderTest"/>
  <testcase name="testGetValueString" time="0.000" classname="com.jopari.automation.util.io.ExcelReaderTest"/>
  <testcase name="testGetRow" time="0.007" classname="com.jopari.automation.util.io.ExcelReaderTest"/>
  <testcase name="testGetHeader" time="0.000" classname="com.jopari.automation.util.io.ExcelReaderTest"/>
  <testcase name="testGetColumnCount" time="0.001" classname="com.jopari.automation.util.io.ExcelReaderTest"/>
  <testcase name="testGetValues" time="0.001" classname="com.jopari.automation.util.io.ExcelReaderTest"/>
</testsuite> <!-- com.jopari.automation.util.io.ExcelReaderTest -->
