<?xml version="1.0" encoding="UTF-8"?>
<!-- Generated by org.testng.reporters.JUnitReportReporter -->
<testsuite hostname="Hareesh1" name="com.jopari.automation.util.io.IOUtiltitesTest" tests="4" failures="0" timestamp="25 Nov 2014 08:01:42 GMT" time="0.003" errors="0">
  <testcase name="testCreateDirectory" time="0.001" classname="com.jopari.automation.util.io.IOUtiltitesTest"/>
  <testcase name="testReadTextLinesInFile" time="0.001" classname="com.jopari.automation.util.io.IOUtiltitesTest"/>
  <testcase name="testSpecialCharacter" time="0.000" classname="com.jopari.automation.util.io.IOUtiltitesTest"/>
  <testcase name="testBlankSpace" time="0.001" classname="com.jopari.automation.util.io.IOUtiltitesTest"/>
</testsuite> <!-- com.jopari.automation.util.io.IOUtiltitesTest -->
